----------------------------------------------------------------
<<<<<<< HEAD
<<<<<<< HEAD
Tue Feb 27 13:47:30 COT 2018:
Booting Derby version The Apache Software Foundation - Apache Derby - 10.10.2.0 - (1582446): instance a816c00e-0161-d897-4e66-0000075f29e8 
on database directory /private/var/folders/v7/c4m3y9h146q84207wyh38qdh0000gn/T/gfembed9123038934024311247tmp/lib/databases/embedded_default with class loader sun.misc.Launcher$AppClassLoader@7d4991ad 
Loaded from file:/Users/sebastian/.m2/repository/org/glassfish/main/extras/glassfish-embedded-all/4.1/glassfish-embedded-all-4.1.jar
java.vendor=Oracle Corporation
java.runtime.version=1.8.0_161-b12
user.dir=/Users/sebastian/Documents/Netbeans_Projects/s3_pear/s3_pear-back
os.name=Mac OS X
os.arch=x86_64
os.version=10.13.2
=======
<<<<<<< HEAD
Tue Feb 27 13:39:53 COT 2018:
 Iniciando instancia a816c00e-0161-d890-568f-00000fec8cf8 de Derby, versión The Apache Software Foundation - Apache Derby - 10.10.2.0 - (1582446): 
en el directorio de base de datos C:\Users\v.chacon\AppData\Local\Temp\gfembed8265515830163328491tmp\lib\databases\embedded_default con el cargador de clases sun.misc.Launcher$AppClassLoader@6bc7c054
=======
Tue Feb 27 13:52:58 COT 2018:
 Iniciando instancia a816c00e-0161-d89c-5271-000010778470 de Derby, versión The Apache Software Foundation - Apache Derby - 10.10.2.0 - (1582446): 
en el directorio de base de datos C:\Users\v.chacon\AppData\Local\Temp\gfembed2467460364815007281tmp\lib\databases\embedded_default con el cargador de clases sun.misc.Launcher$AppClassLoader@6bc7c054
>>>>>>> 400ce21a01a3eca6c3d5d29eb57d1bed575a28d6
Cargado desde file:/C:/Users/v.chacon/.m2/repository/org/glassfish/main/extras/glassfish-embedded-all/4.1/glassfish-embedded-all-4.1.jar
java.vendor=Oracle Corporation
java.runtime.version=1.8.0_144-b01
user.dir=C:\Users\v.chacon\Documents\NetBeansProjects\s3_pear\s3_pear-back
os.name=Windows 7
os.arch=amd64
os.version=6.1
>>>>>>> 0a25876818b225ac5026886f3c0e26c7a97b1835
derby.system.home=null
Database Class Loader started - derby.database.classpath=''
